<?xml version="1.0" encoding="UTF-8"?>
<testng-results skipped="0" failed="2" total="4" passed="2">
  <reporter-output>
  </reporter-output>
  <suite name="Suite1" duration-ms="4780" started-at="2019-08-26T08:15:22Z" finished-at="2019-08-26T08:15:27Z">
    <groups>
    </groups>
    <test name="Selenium Grid" duration-ms="4747" started-at="2019-08-26T08:15:22Z" finished-at="2019-08-26T08:15:27Z">
      <class name="TestCases.TestReRun">
        <test-method status="PASS" signature="initializeTestBaseSetup(java.lang.String, java.lang.String, java.lang.reflect.Method)[pri:0, instance:TestCases.TestReRun@3ee6dc82]" name="initializeTestBaseSetup" is-config="true" duration-ms="2439" started-at="2019-08-26T13:45:22Z" finished-at="2019-08-26T13:45:24Z">
          <params>
            <param index="0">
              <value>
                <![CDATA[chrome]]>
              </value>
            </param>
            <param index="1">
              <value>
                <![CDATA[http://localhost:4444/wd/hub]]>
              </value>
            </param>
            <param index="2">
              <value>
                <![CDATA[public void TestCases.TestReRun.eightyTwenty()]]>
              </value>
            </param>
          </params>
          <reporter-output>
          </reporter-output>
        </test-method> <!-- initializeTestBaseSetup -->
        <test-method status="PASS" signature="eightyTwenty()[pri:0, instance:TestCases.TestReRun@3ee6dc82]" name="eightyTwenty" duration-ms="11" started-at="2019-08-26T13:45:24Z" finished-at="2019-08-26T13:45:24Z">
          <reporter-output>
          </reporter-output>
        </test-method> <!-- eightyTwenty -->
        <test-method status="PASS" signature="afterEachTestMethod(org.testng.ITestResult)[pri:0, instance:TestCases.TestReRun@3ee6dc82]" name="afterEachTestMethod" is-config="true" duration-ms="221" started-at="2019-08-26T13:45:24Z" finished-at="2019-08-26T13:45:24Z">
          <params>
            <param index="0">
              <value>
                <![CDATA[[TestResult name=eightyTwenty status=SUCCESS method=TestReRun.eightyTwenty()[pri:0, instance:TestCases.TestReRun@3ee6dc82] output={null}]]]>
              </value>
            </param>
          </params>
          <reporter-output>
          </reporter-output>
        </test-method> <!-- afterEachTestMethod -->
        <test-method status="PASS" signature="initializeTestBaseSetup(java.lang.String, java.lang.String, java.lang.reflect.Method)[pri:0, instance:TestCases.TestReRun@3ee6dc82]" name="initializeTestBaseSetup" is-config="true" duration-ms="2010" started-at="2019-08-26T13:45:24Z" finished-at="2019-08-26T13:45:26Z">
          <params>
            <param index="0">
              <value>
                <![CDATA[chrome]]>
              </value>
            </param>
            <param index="1">
              <value>
                <![CDATA[http://localhost:4444/wd/hub]]>
              </value>
            </param>
            <param index="2">
              <value>
                <![CDATA[public void TestCases.TestReRun.testbugFromJenkins()]]>
              </value>
            </param>
          </params>
          <reporter-output>
          </reporter-output>
        </test-method> <!-- initializeTestBaseSetup -->
        <test-method status="FAIL" signature="testbugFromJenkins()[pri:0, instance:TestCases.TestReRun@3ee6dc82]" name="testbugFromJenkins" duration-ms="4" started-at="2019-08-26T13:45:26Z" finished-at="2019-08-26T13:45:26Z">
          <exception class="java.lang.AssertionError">
            <message>
              <![CDATA[The following asserts failed:
Another soft assert failure]]>
            </message>
            <full-stacktrace>
              <![CDATA[java.lang.AssertionError: The following asserts failed:
Another soft assert failure
	at org.testng.asserts.SoftAssert.assertAll(SoftAssert.java:37)
	at TestCases.TestReRun.testbugFromJenkins(TestReRun.java:26)
	at sun.reflect.NativeMethodAccessorImpl.invoke0(Native Method)
	at sun.reflect.NativeMethodAccessorImpl.invoke(NativeMethodAccessorImpl.java:62)
	at sun.reflect.DelegatingMethodAccessorImpl.invoke(DelegatingMethodAccessorImpl.java:43)
	at java.lang.reflect.Method.invoke(Method.java:498)
	at org.testng.internal.MethodInvocationHelper.invokeMethod(MethodInvocationHelper.java:80)
	at org.testng.internal.Invoker.invokeMethod(Invoker.java:714)
	at org.testng.internal.Invoker.invokeTestMethod(Invoker.java:901)
	at org.testng.internal.Invoker.invokeTestMethods(Invoker.java:1231)
	at org.testng.internal.TestMethodWorker.invokeTestMethods(TestMethodWorker.java:127)
	at org.testng.internal.TestMethodWorker.run(TestMethodWorker.java:111)
	at org.testng.TestRunner.privateRun(TestRunner.java:767)
	at org.testng.TestRunner.run(TestRunner.java:617)
	at org.testng.SuiteRunner.runTest(SuiteRunner.java:334)
	at org.testng.SuiteRunner.access$000(SuiteRunner.java:37)
	at org.testng.SuiteRunner$SuiteWorker.run(SuiteRunner.java:368)
	at org.testng.internal.thread.ThreadUtil$2.call(ThreadUtil.java:64)
	at java.util.concurrent.FutureTask.run(FutureTask.java:266)
	at java.util.concurrent.ThreadPoolExecutor.runWorker(ThreadPoolExecutor.java:1149)
	at java.util.concurrent.ThreadPoolExecutor$Worker.run(ThreadPoolExecutor.java:624)
	at java.lang.Thread.run(Thread.java:748)
]]>
            </full-stacktrace>
          </exception> <!-- java.lang.AssertionError -->
          <reporter-output>
          </reporter-output>
        </test-method> <!-- testbugFromJenkins -->
        <test-method status="PASS" signature="afterEachTestMethod(org.testng.ITestResult)[pri:0, instance:TestCases.TestReRun@3ee6dc82]" name="afterEachTestMethod" is-config="true" duration-ms="43" started-at="2019-08-26T13:45:26Z" finished-at="2019-08-26T13:45:27Z">
          <params>
            <param index="0">
              <value>
                <![CDATA[[TestResult name=testbugFromJenkins status=FAILURE method=TestReRun.testbugFromJenkins()[pri:0, instance:TestCases.TestReRun@3ee6dc82] output={null}]]]>
              </value>
            </param>
          </params>
          <reporter-output>
          </reporter-output>
        </test-method> <!-- afterEachTestMethod -->
      </class> <!-- TestCases.TestReRun -->
    </test> <!-- Selenium Grid -->
    <test name="Selenium Grid2" duration-ms="4780" started-at="2019-08-26T08:15:22Z" finished-at="2019-08-26T08:15:27Z">
      <class name="TestCases.TestReRun">
        <test-method status="PASS" signature="extentSetup(org.testng.ITestContext)[pri:0, instance:TestCases.TestReRun@322b09da]" name="extentSetup" is-config="true" duration-ms="195" started-at="2019-08-26T13:45:22Z" finished-at="2019-08-26T13:45:22Z">
          <params>
            <param index="0">
              <value>
                <![CDATA[org.testng.TestRunner@2109a691]]>
              </value>
            </param>
          </params>
          <reporter-output>
          </reporter-output>
        </test-method> <!-- extentSetup -->
        <test-method status="PASS" signature="initializeTestBaseSetup(java.lang.String, java.lang.String, java.lang.reflect.Method)[pri:0, instance:TestCases.TestReRun@322b09da]" name="initializeTestBaseSetup" is-config="true" duration-ms="2439" started-at="2019-08-26T13:45:22Z" finished-at="2019-08-26T13:45:24Z">
          <params>
            <param index="0">
              <value>
                <![CDATA[firefox]]>
              </value>
            </param>
            <param index="1">
              <value>
                <![CDATA[http://localhost:4444/wd/hub]]>
              </value>
            </param>
            <param index="2">
              <value>
                <![CDATA[public void TestCases.TestReRun.eightyTwenty()]]>
              </value>
            </param>
          </params>
          <reporter-output>
          </reporter-output>
        </test-method> <!-- initializeTestBaseSetup -->
        <test-method status="PASS" signature="eightyTwenty()[pri:0, instance:TestCases.TestReRun@322b09da]" name="eightyTwenty" duration-ms="11" started-at="2019-08-26T13:45:24Z" finished-at="2019-08-26T13:45:24Z">
          <reporter-output>
          </reporter-output>
        </test-method> <!-- eightyTwenty -->
        <test-method status="PASS" signature="afterEachTestMethod(org.testng.ITestResult)[pri:0, instance:TestCases.TestReRun@322b09da]" name="afterEachTestMethod" is-config="true" duration-ms="187" started-at="2019-08-26T13:45:24Z" finished-at="2019-08-26T13:45:24Z">
          <params>
            <param index="0">
              <value>
                <![CDATA[[TestResult name=eightyTwenty status=SUCCESS method=TestReRun.eightyTwenty()[pri:0, instance:TestCases.TestReRun@322b09da] output={null}]]]>
              </value>
            </param>
          </params>
          <reporter-output>
          </reporter-output>
        </test-method> <!-- afterEachTestMethod -->
        <test-method status="PASS" signature="initializeTestBaseSetup(java.lang.String, java.lang.String, java.lang.reflect.Method)[pri:0, instance:TestCases.TestReRun@322b09da]" name="initializeTestBaseSetup" is-config="true" duration-ms="2068" started-at="2019-08-26T13:45:24Z" finished-at="2019-08-26T13:45:26Z">
          <params>
            <param index="0">
              <value>
                <![CDATA[firefox]]>
              </value>
            </param>
            <param index="1">
              <value>
                <![CDATA[http://localhost:4444/wd/hub]]>
              </value>
            </param>
            <param index="2">
              <value>
                <![CDATA[public void TestCases.TestReRun.testbugFromJenkins()]]>
              </value>
            </param>
          </params>
          <reporter-output>
          </reporter-output>
        </test-method> <!-- initializeTestBaseSetup -->
        <test-method status="FAIL" signature="testbugFromJenkins()[pri:0, instance:TestCases.TestReRun@322b09da]" name="testbugFromJenkins" duration-ms="0" started-at="2019-08-26T13:45:26Z" finished-at="2019-08-26T13:45:26Z">
          <exception class="java.lang.AssertionError">
            <message>
              <![CDATA[The following asserts failed:
Another soft assert failure]]>
            </message>
            <full-stacktrace>
              <![CDATA[java.lang.AssertionError: The following asserts failed:
Another soft assert failure
	at org.testng.asserts.SoftAssert.assertAll(SoftAssert.java:37)
	at TestCases.TestReRun.testbugFromJenkins(TestReRun.java:26)
	at sun.reflect.NativeMethodAccessorImpl.invoke0(Native Method)
	at sun.reflect.NativeMethodAccessorImpl.invoke(NativeMethodAccessorImpl.java:62)
	at sun.reflect.DelegatingMethodAccessorImpl.invoke(DelegatingMethodAccessorImpl.java:43)
	at java.lang.reflect.Method.invoke(Method.java:498)
	at org.testng.internal.MethodInvocationHelper.invokeMethod(MethodInvocationHelper.java:80)
	at org.testng.internal.Invoker.invokeMethod(Invoker.java:714)
	at org.testng.internal.Invoker.invokeTestMethod(Invoker.java:901)
	at org.testng.internal.Invoker.invokeTestMethods(Invoker.java:1231)
	at org.testng.internal.TestMethodWorker.invokeTestMethods(TestMethodWorker.java:127)
	at org.testng.internal.TestMethodWorker.run(TestMethodWorker.java:111)
	at org.testng.TestRunner.privateRun(TestRunner.java:767)
	at org.testng.TestRunner.run(TestRunner.java:617)
	at org.testng.SuiteRunner.runTest(SuiteRunner.java:334)
	at org.testng.SuiteRunner.access$000(SuiteRunner.java:37)
	at org.testng.SuiteRunner$SuiteWorker.run(SuiteRunner.java:368)
	at org.testng.internal.thread.ThreadUtil$2.call(ThreadUtil.java:64)
	at java.util.concurrent.FutureTask.run(FutureTask.java:266)
	at java.util.concurrent.ThreadPoolExecutor.runWorker(ThreadPoolExecutor.java:1149)
	at java.util.concurrent.ThreadPoolExecutor$Worker.run(ThreadPoolExecutor.java:624)
	at java.lang.Thread.run(Thread.java:748)
]]>
            </full-stacktrace>
          </exception> <!-- java.lang.AssertionError -->
          <reporter-output>
          </reporter-output>
        </test-method> <!-- testbugFromJenkins -->
        <test-method status="PASS" signature="afterEachTestMethod(org.testng.ITestResult)[pri:0, instance:TestCases.TestReRun@322b09da]" name="afterEachTestMethod" is-config="true" duration-ms="59" started-at="2019-08-26T13:45:27Z" finished-at="2019-08-26T13:45:27Z">
          <params>
            <param index="0">
              <value>
                <![CDATA[[TestResult name=testbugFromJenkins status=FAILURE method=TestReRun.testbugFromJenkins()[pri:0, instance:TestCases.TestReRun@322b09da] output={null}]]]>
              </value>
            </param>
          </params>
          <reporter-output>
          </reporter-output>
        </test-method> <!-- afterEachTestMethod -->
        <test-method status="PASS" signature="generateReport()[pri:0, instance:TestCases.TestReRun@322b09da]" name="generateReport" is-config="true" duration-ms="31" started-at="2019-08-26T13:45:27Z" finished-at="2019-08-26T13:45:27Z">
          <reporter-output>
          </reporter-output>
        </test-method> <!-- generateReport -->
      </class> <!-- TestCases.TestReRun -->
    </test> <!-- Selenium Grid2 -->
  </suite> <!-- Suite1 -->
</testng-results>
